Grammar

    0 $accept: start $end

    1 start: %empty
    2      | data EOL

    3 data: DATA


Terminals, with rules where they appear

    $end (0) 0
    error (256)
    DATA <data> (258) 3
    EOL <eol> (259) 2


Nonterminals, with rules where they appear

    $accept (5)
        on left: 0
    start (6)
        on left: 1 2
        on right: 0
    data (7)
        on left: 3
        on right: 2


State 0

    0 $accept: • start $end

    DATA  shift, and go to state 1

    $default  reduce using rule 1 (start)

    start  go to state 2
    data   go to state 3


State 1

    3 data: DATA •

    $default  reduce using rule 3 (data)


State 2

    0 $accept: start • $end

    $end  shift, and go to state 4


State 3

    2 start: data • EOL

    EOL  shift, and go to state 5


State 4

    0 $accept: start $end •

    $default  accept


State 5

    2 start: data EOL •

    $default  reduce using rule 2 (start)
